Using pre-set license
Built from '2020.3/staging' branch; Version is '2020.3.18f1 (a7d1c678663c) revision 10998214'; Using compiler version '192528614'; Build Type 'Release'
OS: 'Windows 10 Pro; OS build 18362.900; Version 1903; 64bit' Language: 'en' Physical Memory: 32700 MB
BatchMode: 1, IsHumanControllingUs: 0, StartBugReporterOnCrash: 0, Is64bit: 1, IsPro: 0

COMMAND LINE ARGUMENTS:
X:\Unity Editors\2020.3.18f1\Editor\Unity.exe
-adb2
-batchMode
-noUpm
-name
AssetImportWorker0
-projectPath
X:/Dangan Project/Unity/DanganGame/TTYD-Scene
-logFile
Logs/AssetImportWorker0.log
-srvPort
50771
Successfully changed project path to: X:/Dangan Project/Unity/DanganGame/TTYD-Scene
X:/Dangan Project/Unity/DanganGame/TTYD-Scene
Using Asset Import Pipeline V2.
Refreshing native plugins compatible for Editor in 60.41 ms, found 2 plugins.
Preloading 0 native plugins for Editor in 0.00 ms.
Initialize engine version: 2020.3.18f1 (a7d1c678663c)
[Subsystems] Discovering subsystems at path X:/Unity Editors/2020.3.18f1/Editor/Data/Resources/UnitySubsystems
[Subsystems] Discovering subsystems at path X:/Dangan Project/Unity/DanganGame/TTYD-Scene/Assets
GfxDevice: creating device client; threaded=0
Direct3D:
    Version:  Direct3D 11.0 [level 11.1]
    Renderer: Radeon (TM) RX 480 Graphics (ID=0x67df)
    Vendor:   
    VRAM:     8171 MB
    Driver:   27.20.14501.18003
Initialize mono
Mono path[0] = 'X:/Unity Editors/2020.3.18f1/Editor/Data/Managed'
Mono path[1] = 'X:/Unity Editors/2020.3.18f1/Editor/Data/MonoBleedingEdge/lib/mono/unityjit'
Mono config path = 'X:/Unity Editors/2020.3.18f1/Editor/Data/MonoBleedingEdge/etc'
Using monoOptions --debugger-agent=transport=dt_socket,embedding=1,server=y,suspend=n,address=127.0.0.1:56132
Begin MonoManager ReloadAssembly
Registering precompiled unity dll's ...
Register platform support module: X:/Unity Editors/2020.3.18f1/Editor/Data/PlaybackEngines/WindowsStandaloneSupport/UnityEditor.WindowsStandalone.Extensions.dll
Register platform support module: X:/Unity Editors/2020.3.18f1/Editor/Data/PlaybackEngines/LinuxStandaloneSupport/UnityEditor.LinuxStandalone.Extensions.dll
Registered in 0.001487 seconds.
Native extension for LinuxStandalone target not found
Native extension for WindowsStandalone target not found
Refreshing native plugins compatible for Editor in 61.95 ms, found 2 plugins.
Preloading 0 native plugins for Editor in 0.00 ms.
Mono: successfully reloaded assembly
- Completed reload, in  1.069 seconds
Domain Reload Profiling:
	ReloadAssembly (1069ms)
		BeginReloadAssembly (55ms)
			ExecutionOrderSort (0ms)
			DisableScriptedObjects (0ms)
			BackupInstance (0ms)
			ReleaseScriptingObjects (0ms)
			CreateAndSetChildDomain (1ms)
		EndReloadAssembly (510ms)
			LoadAssemblies (54ms)
			RebuildTransferFunctionScriptingTraits (0ms)
			SetupTypeCache (174ms)
			ReleaseScriptCaches (0ms)
			RebuildScriptCaches (33ms)
			SetupLoadedEditorAssemblies (209ms)
				LogAssemblyErrors (0ms)
				InitializePlatformSupportModulesInManaged (6ms)
				SetLoadedEditorAssemblies (0ms)
				RefreshPlugins (62ms)
				BeforeProcessingInitializeOnLoad (18ms)
				ProcessInitializeOnLoadAttributes (91ms)
				ProcessInitializeOnLoadMethodAttributes (31ms)
				AfterProcessingInitializeOnLoad (0ms)
				EditorAssembliesLoaded (0ms)
			ExecutionOrderSort2 (0ms)
			AwakeInstancesAfterBackupRestoration (0ms)
Platform modules already initialized, skipping
Registering precompiled user dll's ...
Registered in 0.003039 seconds.
Begin MonoManager ReloadAssembly
Native extension for LinuxStandalone target not found
Native extension for WindowsStandalone target not found
Refreshing native plugins compatible for Editor in 64.97 ms, found 2 plugins.
Preloading 0 native plugins for Editor in 0.00 ms.
Mono: successfully reloaded assembly
- Completed reload, in  1.308 seconds
Domain Reload Profiling:
	ReloadAssembly (1309ms)
		BeginReloadAssembly (163ms)
			ExecutionOrderSort (0ms)
			DisableScriptedObjects (5ms)
			BackupInstance (0ms)
			ReleaseScriptingObjects (0ms)
			CreateAndSetChildDomain (22ms)
		EndReloadAssembly (1077ms)
			LoadAssemblies (97ms)
			RebuildTransferFunctionScriptingTraits (0ms)
			SetupTypeCache (368ms)
			ReleaseScriptCaches (1ms)
			RebuildScriptCaches (57ms)
			SetupLoadedEditorAssemblies (404ms)
				LogAssemblyErrors (0ms)
				InitializePlatformSupportModulesInManaged (6ms)
				SetLoadedEditorAssemblies (0ms)
				RefreshPlugins (65ms)
				BeforeProcessingInitializeOnLoad (94ms)
				ProcessInitializeOnLoadAttributes (230ms)
				ProcessInitializeOnLoadMethodAttributes (5ms)
				AfterProcessingInitializeOnLoad (3ms)
				EditorAssembliesLoaded (0ms)
			ExecutionOrderSort2 (0ms)
			AwakeInstancesAfterBackupRestoration (8ms)
Platform modules already initialized, skipping
========================================================================
Worker process is ready to serve import requests
Launched and connected shader compiler UnityShaderCompiler.exe after 0.06 seconds
Refreshing native plugins compatible for Editor in 0.70 ms, found 2 plugins.
Preloading 0 native plugins for Editor in 0.00 ms.
Unloading 2741 Unused Serialized files (Serialized files now loaded: 0)
System memory in use before: 124.0 MB.
System memory in use after: 124.1 MB.

Unloading 17 unused Assets to reduce memory usage. Loaded Objects now: 3174.
Total: 3.857100 ms (FindLiveObjects: 0.325600 ms CreateObjectMapping: 0.078400 ms MarkObjects: 3.359400 ms  DeleteObjects: 0.092500 ms)

AssetImportParameters requested are different than current active one (requested -> active):
  custom:framework-win-MediaFoundation: 216162199b28c13a410421893ffa2e32 -> 
  custom:video-decoder-ogg-theora: a1e56fd34408186e4bbccfd4996cb3dc -> 
  custom:container-muxer-webm: aa71ff27fc2769a1b78a27578f13a17b -> 
  custom:container-demuxer-webm: 4f35f7cbe854078d1ac9338744f61a02 -> 
  custom:container-demuxer-ogg: 62fdf1f143b41e24485cea50d1cbac27 -> 
  custom:video-encoder-webm-vp8: eb34c28f22e8b96e1ab97ce403110664 -> 
  custom:video-decoder-webm-vp8: 9c59270c3fd7afecdb556c50c9e8de78 -> 
  custom:audio-decoder-ogg-vorbis: bf7c407c2cedff20999df2af8eb42d56 -> 
  custom:audio-encoder-webm-vorbis: bf7c407c2cedff20999df2af8eb42d56 -> 
========================================================================
Received Import Request.
  path: Assets/Sprites/MarioTTYDAtlas.psd
  artifactKey: Guid(64dd66a0ef42d0c4e8b2467c76e0e562) Importer(815301076,1909f56bfc062723c751e8b465ee728b)
Start importing Assets/Sprites/MarioTTYDAtlas.psd using Guid(64dd66a0ef42d0c4e8b2467c76e0e562) Importer(815301076,1909f56bfc062723c751e8b465ee728b)  -> (artifact id: '6d92d2f6dfe2ef91fa51bd4dabccfcfe') in 0.221636 seconds 
  Import took 0.226518 seconds .

========================================================================
Received Import Request.
  Time since last request: 0.000327 seconds.
  path: Assets/Sprites/Mario.png
  artifactKey: Guid(61b3778f33584a140bda8c206c5b38e2) Importer(815301076,1909f56bfc062723c751e8b465ee728b)
Start importing Assets/Sprites/Mario.png using Guid(61b3778f33584a140bda8c206c5b38e2) Importer(815301076,1909f56bfc062723c751e8b465ee728b)  -> (artifact id: '0c4dcbd17ff2628e0894c0fc375fbdfe') in 0.023274 seconds 
  Import took 0.028034 seconds .

========================================================================
Received Import Request.
  Time since last request: 0.000299 seconds.
  path: Assets/Sprites/DustAtlas.psd
  artifactKey: Guid(d5f62f1c62c8b574093ba42c8d671793) Importer(815301076,1909f56bfc062723c751e8b465ee728b)
Start importing Assets/Sprites/DustAtlas.psd using Guid(d5f62f1c62c8b574093ba42c8d671793) Importer(815301076,1909f56bfc062723c751e8b465ee728b)  -> (artifact id: 'fb6672fcc390820136af087cca2d7272') in 0.041415 seconds 
  Import took 0.046470 seconds .

========================================================================
Received Import Request.
  Time since last request: 0.000336 seconds.
  path: Assets/Sprites/MarioAtlas.psd
  artifactKey: Guid(48700dc3e3696884fac130c8b25f5dd9) Importer(815301076,1909f56bfc062723c751e8b465ee728b)
Start importing Assets/Sprites/MarioAtlas.psd using Guid(48700dc3e3696884fac130c8b25f5dd9) Importer(815301076,1909f56bfc062723c751e8b465ee728b)  -> (artifact id: '9dbafac08cddf3d1fd27635dd526dd9d') in 0.030951 seconds 
  Import took 0.035852 seconds .

========================================================================
Received Import Request.
  Time since last request: 0.000308 seconds.
  path: Assets/Sprites/DustAtlas.psd
  artifactKey: Guid(d5f62f1c62c8b574093ba42c8d671793) Importer(815301076,1909f56bfc062723c751e8b465ee728b)
Start importing Assets/Sprites/DustAtlas.psd using Guid(d5f62f1c62c8b574093ba42c8d671793) Importer(815301076,1909f56bfc062723c751e8b465ee728b)  -> (artifact id: 'fb6672fcc390820136af087cca2d7272') in 0.034291 seconds 
  Import took 0.039014 seconds .

========================================================================
Received Import Request.
  Time since last request: 0.000255 seconds.
  path: Assets/Sprites/MarioRun.psd
  artifactKey: Guid(851ca772f64c98c46b9c1960f024a410) Importer(815301076,1909f56bfc062723c751e8b465ee728b)
Start importing Assets/Sprites/MarioRun.psd using Guid(851ca772f64c98c46b9c1960f024a410) Importer(815301076,1909f56bfc062723c751e8b465ee728b)  -> (artifact id: '77f026628ab0b28056a21be69b53063a') in 0.036077 seconds 
  Import took 0.040497 seconds .

========================================================================
Received Import Request.
  Time since last request: 0.000259 seconds.
  path: Assets/Sprites
  artifactKey: Guid(f8558decfc745b94b9a89584ca7c843e) Importer(815301076,1909f56bfc062723c751e8b465ee728b)
Start importing Assets/Sprites using Guid(f8558decfc745b94b9a89584ca7c843e) Importer(815301076,1909f56bfc062723c751e8b465ee728b)  -> (artifact id: '226b3d2afef2c3e3cbb0c5615f2ff42d') in 0.007895 seconds 
  Import took 0.012578 seconds .

AssetImportWorkerClient::OnTransportError - code=2 error=End of file
